<?xml version="1.0" encoding="UTF-8"?>
<testsuite name="com.example.springboot.web.IndexControllerTest" tests="1" skipped="0" failures="0" errors="0" timestamp="2021-07-11T13:24:29" hostname="knuprime105ui-MacBook-Pro.local" time="0.238">
  <properties/>
  <testcase name="메인페이지_로딩" classname="com.example.springboot.web.IndexControllerTest" time="0.238"/>
  <system-out><![CDATA[2021-07-11 22:24:29.705  INFO 2444 --- [    Test worker] .b.t.c.SpringBootTestContextBootstrapper : Neither @ContextConfiguration nor @ContextHierarchy found for test class [com.example.springboot.web.IndexControllerTest], using SpringBootContextLoader
2021-07-11 22:24:29.706  INFO 2444 --- [    Test worker] o.s.t.c.support.AbstractContextLoader    : Could not detect default resource locations for test class [com.example.springboot.web.IndexControllerTest]: no resource found for suffixes {-context.xml, Context.groovy}.
2021-07-11 22:24:29.706  INFO 2444 --- [    Test worker] t.c.s.AnnotationConfigContextLoaderUtils : Could not detect default configuration classes for test class [com.example.springboot.web.IndexControllerTest]: IndexControllerTest does not declare any static, non-private, non-final, nested classes annotated with @Configuration.
2021-07-11 22:24:29.709  INFO 2444 --- [    Test worker] .b.t.c.SpringBootTestContextBootstrapper : Found @SpringBootConfiguration com.example.springboot.Application for test class com.example.springboot.web.IndexControllerTest
2021-07-11 22:24:29.710  INFO 2444 --- [    Test worker] .b.t.c.SpringBootTestContextBootstrapper : Loaded default TestExecutionListener class names from location [META-INF/spring.factories]: [org.springframework.security.test.context.support.WithSecurityContextTestExecutionListener, org.springframework.security.test.context.support.ReactorContextTestExecutionListener, org.springframework.boot.test.autoconfigure.restdocs.RestDocsTestExecutionListener, org.springframework.boot.test.autoconfigure.web.client.MockRestServiceServerResetTestExecutionListener, org.springframework.boot.test.autoconfigure.web.servlet.MockMvcPrintOnlyOnFailureTestExecutionListener, org.springframework.boot.test.autoconfigure.web.servlet.WebDriverTestExecutionListener, org.springframework.boot.test.mock.mockito.MockitoTestExecutionListener, org.springframework.boot.test.mock.mockito.ResetMocksTestExecutionListener, org.springframework.test.context.web.ServletTestExecutionListener, org.springframework.test.context.support.DirtiesContextBeforeModesTestExecutionListener, org.springframework.test.context.support.DependencyInjectionTestExecutionListener, org.springframework.test.context.support.DirtiesContextTestExecutionListener, org.springframework.test.context.transaction.TransactionalTestExecutionListener, org.springframework.test.context.jdbc.SqlScriptsTestExecutionListener]
2021-07-11 22:24:29.711  INFO 2444 --- [    Test worker] .b.t.c.SpringBootTestContextBootstrapper : Using TestExecutionListeners: [org.springframework.test.context.web.ServletTestExecutionListener@3c58a673, org.springframework.test.context.support.DirtiesContextBeforeModesTestExecutionListener@6f4e42a5, org.springframework.boot.test.mock.mockito.MockitoTestExecutionListener@68f3a501, org.springframework.boot.test.autoconfigure.SpringBootDependencyInjectionTestExecutionListener@5a36899c, org.springframework.test.context.support.DirtiesContextTestExecutionListener@2324d797, org.springframework.test.context.transaction.TransactionalTestExecutionListener@3e62e23c, org.springframework.test.context.jdbc.SqlScriptsTestExecutionListener@4bcc935c, org.springframework.security.test.context.support.WithSecurityContextTestExecutionListener@255889d0, org.springframework.security.test.context.support.ReactorContextTestExecutionListener@20c56a83, org.springframework.boot.test.autoconfigure.restdocs.RestDocsTestExecutionListener@99f0fa5, org.springframework.boot.test.autoconfigure.web.client.MockRestServiceServerResetTestExecutionListener@26e63bb9, org.springframework.boot.test.autoconfigure.web.servlet.MockMvcPrintOnlyOnFailureTestExecutionListener@479130bc, org.springframework.boot.test.autoconfigure.web.servlet.WebDriverTestExecutionListener@4c8bcbbf, org.springframework.boot.test.mock.mockito.ResetMocksTestExecutionListener@3d1807ac]
2021-07-11 22:24:29.837  INFO 2444 --- [o-auto-1-exec-1] o.a.c.c.C.[Tomcat].[localhost].[/]       : Initializing Spring DispatcherServlet 'dispatcherServlet'
2021-07-11 22:24:29.838  INFO 2444 --- [o-auto-1-exec-1] o.s.web.servlet.DispatcherServlet        : Initializing Servlet 'dispatcherServlet'
2021-07-11 22:24:29.844  INFO 2444 --- [o-auto-1-exec-1] o.s.web.servlet.DispatcherServlet        : Completed initialization in 6 ms
Hibernate: select posts0_.id as id1_0_, posts0_.created_date as created_2_0_, posts0_.modified_date as modified3_0_, posts0_.author as author4_0_, posts0_.content as content5_0_, posts0_.title as title6_0_ from posts posts0_ order by posts0_.id DESC
]]></system-out>
  <system-err><![CDATA[]]></system-err>
</testsuite>
