<?xml version="1.0" encoding="UTF-8"?>
<testsuite name="com.example.springboot.domain.posts.PostsRepositoryTest" tests="2" skipped="0" failures="0" errors="0" timestamp="2021-07-11T13:24:32" hostname="knuprime105ui-MacBook-Pro.local" time="0.05">
  <properties/>
  <testcase name="게시글저장_불러오기" classname="com.example.springboot.domain.posts.PostsRepositoryTest" time="0.03"/>
  <testcase name="BaseTimeEntity_등록" classname="com.example.springboot.domain.posts.PostsRepositoryTest" time="0.019"/>
  <system-out><![CDATA[2021-07-11 22:24:29.953  INFO 2444 --- [    Test worker] .b.t.c.SpringBootTestContextBootstrapper : Neither @ContextConfiguration nor @ContextHierarchy found for test class [com.example.springboot.domain.posts.PostsRepositoryTest], using SpringBootContextLoader
2021-07-11 22:24:29.954  INFO 2444 --- [    Test worker] o.s.t.c.support.AbstractContextLoader    : Could not detect default resource locations for test class [com.example.springboot.domain.posts.PostsRepositoryTest]: no resource found for suffixes {-context.xml, Context.groovy}.
2021-07-11 22:24:29.956  INFO 2444 --- [    Test worker] t.c.s.AnnotationConfigContextLoaderUtils : Could not detect default configuration classes for test class [com.example.springboot.domain.posts.PostsRepositoryTest]: PostsRepositoryTest does not declare any static, non-private, non-final, nested classes annotated with @Configuration.
2021-07-11 22:24:29.968  INFO 2444 --- [    Test worker] .b.t.c.SpringBootTestContextBootstrapper : Found @SpringBootConfiguration com.example.springboot.Application for test class com.example.springboot.domain.posts.PostsRepositoryTest
2021-07-11 22:24:29.969  INFO 2444 --- [    Test worker] .b.t.c.SpringBootTestContextBootstrapper : Loaded default TestExecutionListener class names from location [META-INF/spring.factories]: [org.springframework.security.test.context.support.WithSecurityContextTestExecutionListener, org.springframework.security.test.context.support.ReactorContextTestExecutionListener, org.springframework.boot.test.autoconfigure.restdocs.RestDocsTestExecutionListener, org.springframework.boot.test.autoconfigure.web.client.MockRestServiceServerResetTestExecutionListener, org.springframework.boot.test.autoconfigure.web.servlet.MockMvcPrintOnlyOnFailureTestExecutionListener, org.springframework.boot.test.autoconfigure.web.servlet.WebDriverTestExecutionListener, org.springframework.boot.test.mock.mockito.MockitoTestExecutionListener, org.springframework.boot.test.mock.mockito.ResetMocksTestExecutionListener, org.springframework.test.context.web.ServletTestExecutionListener, org.springframework.test.context.support.DirtiesContextBeforeModesTestExecutionListener, org.springframework.test.context.support.DependencyInjectionTestExecutionListener, org.springframework.test.context.support.DirtiesContextTestExecutionListener, org.springframework.test.context.transaction.TransactionalTestExecutionListener, org.springframework.test.context.jdbc.SqlScriptsTestExecutionListener]
2021-07-11 22:24:29.970  INFO 2444 --- [    Test worker] .b.t.c.SpringBootTestContextBootstrapper : Using TestExecutionListeners: [org.springframework.test.context.web.ServletTestExecutionListener@446f4cd8, org.springframework.test.context.support.DirtiesContextBeforeModesTestExecutionListener@55ce1cc4, org.springframework.boot.test.mock.mockito.MockitoTestExecutionListener@1ccd7f07, org.springframework.boot.test.autoconfigure.SpringBootDependencyInjectionTestExecutionListener@6e38b602, org.springframework.test.context.support.DirtiesContextTestExecutionListener@500f3e91, org.springframework.test.context.transaction.TransactionalTestExecutionListener@75022068, org.springframework.test.context.jdbc.SqlScriptsTestExecutionListener@2c05c88, org.springframework.security.test.context.support.WithSecurityContextTestExecutionListener@29e36274, org.springframework.security.test.context.support.ReactorContextTestExecutionListener@312a6f, org.springframework.boot.test.autoconfigure.restdocs.RestDocsTestExecutionListener@64544b61, org.springframework.boot.test.autoconfigure.web.client.MockRestServiceServerResetTestExecutionListener@64f07f7f, org.springframework.boot.test.autoconfigure.web.servlet.MockMvcPrintOnlyOnFailureTestExecutionListener@56325157, org.springframework.boot.test.autoconfigure.web.servlet.WebDriverTestExecutionListener@5fd97bac, org.springframework.boot.test.mock.mockito.ResetMocksTestExecutionListener@19103c75]

  .   ____          _            __ _ _
 /\\ / ___'_ __ _ _(_)_ __  __ _ \ \ \ \
( ( )\___ | '_ | '_| | '_ \/ _` | \ \ \ \
 \\/  ___)| |_)| | | | | || (_| |  ) ) ) )
  '  |____| .__|_| |_|_| |_\__, | / / / /
 =========|_|==============|___/=/_/_/_/
 :: Spring Boot ::        (v2.1.9.RELEASE)

2021-07-11 22:24:30.009  INFO 2444 --- [    Test worker] c.e.s.domain.posts.PostsRepositoryTest   : Starting PostsRepositoryTest on knuprime105ui-MacBook-Pro.local with PID 2444 (started by one in /Users/one/Desktop/springtest)
2021-07-11 22:24:30.010  INFO 2444 --- [    Test worker] c.e.s.domain.posts.PostsRepositoryTest   : No active profile set, falling back to default profiles: default
2021-07-11 22:24:30.269  INFO 2444 --- [    Test worker] .s.d.r.c.RepositoryConfigurationDelegate : Bootstrapping Spring Data repositories in DEFAULT mode.
2021-07-11 22:24:30.285  INFO 2444 --- [    Test worker] .s.d.r.c.RepositoryConfigurationDelegate : Finished Spring Data repository scanning in 15ms. Found 2 repository interfaces.
2021-07-11 22:24:30.405  INFO 2444 --- [    Test worker] trationDelegate$BeanPostProcessorChecker : Bean 'org.springframework.transaction.annotation.ProxyTransactionManagementConfiguration' of type [org.springframework.transaction.annotation.ProxyTransactionManagementConfiguration$$EnhancerBySpringCGLIB$$aca1dbd6] is not eligible for getting processed by all BeanPostProcessors (for example: not eligible for auto-proxying)
2021-07-11 22:24:30.537  INFO 2444 --- [    Test worker] com.zaxxer.hikari.HikariDataSource       : HikariPool-2 - Starting...
2021-07-11 22:24:30.538  INFO 2444 --- [    Test worker] com.zaxxer.hikari.HikariDataSource       : HikariPool-2 - Start completed.
2021-07-11 22:24:30.565  INFO 2444 --- [    Test worker] o.hibernate.jpa.internal.util.LogHelper  : HHH000204: Processing PersistenceUnitInfo [
	name: default
	...]
2021-07-11 22:24:30.574  INFO 2444 --- [    Test worker] org.hibernate.dialect.Dialect            : HHH000400: Using dialect: org.hibernate.dialect.MySQL5InnoDBDialect
Hibernate: drop table if exists posts
Hibernate: drop table if exists user
Hibernate: create table posts (id bigint not null auto_increment, created_date datetime, modified_date datetime, author varchar(255), content TEXT not null, title varchar(500) not null, primary key (id)) engine=InnoDB
Hibernate: create table user (id bigint not null auto_increment, created_date datetime, modified_date datetime, email varchar(255) not null, name varchar(255) not null, picture varchar(255), role varchar(255) not null, primary key (id)) engine=InnoDB
2021-07-11 22:24:30.630  INFO 2444 --- [    Test worker] o.h.t.schema.internal.SchemaCreatorImpl  : HHH000476: Executing import script 'org.hibernate.tool.schema.internal.exec.ScriptSourceInputNonExistentImpl@95e4bc'
2021-07-11 22:24:30.630  INFO 2444 --- [    Test worker] j.LocalContainerEntityManagerFactoryBean : Initialized JPA EntityManagerFactory for persistence unit 'default'
2021-07-11 22:24:30.844  INFO 2444 --- [    Test worker] o.h.h.i.QueryTranslatorFactoryInitiator  : HHH000397: Using ASTQueryTranslatorFactory
2021-07-11 22:24:31.127  INFO 2444 --- [    Test worker] o.s.s.web.DefaultSecurityFilterChain     : Creating filter chain: any request, [org.springframework.security.web.context.request.async.WebAsyncManagerIntegrationFilter@17dc0d8c, org.springframework.security.web.context.SecurityContextPersistenceFilter@16e76f39, org.springframework.security.web.header.HeaderWriterFilter@6fae47f9, org.springframework.security.web.authentication.logout.LogoutFilter@64a5b26a, org.springframework.security.oauth2.client.web.OAuth2AuthorizationRequestRedirectFilter@4df903f5, org.springframework.security.oauth2.client.web.OAuth2LoginAuthenticationFilter@486e1ac6, org.springframework.security.web.authentication.ui.DefaultLoginPageGeneratingFilter@499692c6, org.springframework.security.web.authentication.ui.DefaultLogoutPageGeneratingFilter@266e20d5, org.springframework.security.web.savedrequest.RequestCacheAwareFilter@66638f96, org.springframework.security.web.servletapi.SecurityContextHolderAwareRequestFilter@7b6f8d2c, org.springframework.security.web.authentication.AnonymousAuthenticationFilter@230d6946, org.springframework.security.web.session.SessionManagementFilter@1f95bbdc, org.springframework.security.web.access.ExceptionTranslationFilter@4d87ae75, org.springframework.security.web.access.intercept.FilterSecurityInterceptor@f67cc9e]
2021-07-11 22:24:31.556  INFO 2444 --- [    Test worker] o.s.s.concurrent.ThreadPoolTaskExecutor  : Initializing ExecutorService 'applicationTaskExecutor'
2021-07-11 22:24:31.577  WARN 2444 --- [    Test worker] aWebConfiguration$JpaWebMvcConfiguration : spring.jpa.open-in-view is enabled by default. Therefore, database queries may be performed during view rendering. Explicitly configure spring.jpa.open-in-view to disable this warning
2021-07-11 22:24:31.622  INFO 2444 --- [    Test worker] o.s.b.a.w.s.WelcomePageHandlerMapping    : Adding welcome page template: index
2021-07-11 22:24:32.008  INFO 2444 --- [    Test worker] s.a.ScheduledAnnotationBeanPostProcessor : No TaskScheduler/ScheduledExecutorService bean found for scheduled processing
2021-07-11 22:24:32.011  INFO 2444 --- [    Test worker] c.e.s.domain.posts.PostsRepositoryTest   : Started PostsRepositoryTest in 2.038 seconds (JVM running for 13.167)
Hibernate: insert into posts (created_date, modified_date, author, content, title) values (?, ?, ?, ?, ?)
Hibernate: select posts0_.id as id1_0_, posts0_.created_date as created_2_0_, posts0_.modified_date as modified3_0_, posts0_.author as author4_0_, posts0_.content as content5_0_, posts0_.title as title6_0_ from posts posts0_
Hibernate: select posts0_.id as id1_0_, posts0_.created_date as created_2_0_, posts0_.modified_date as modified3_0_, posts0_.author as author4_0_, posts0_.content as content5_0_, posts0_.title as title6_0_ from posts posts0_
Hibernate: delete from posts where id=?
Hibernate: insert into posts (created_date, modified_date, author, content, title) values (?, ?, ?, ?, ?)
Hibernate: select posts0_.id as id1_0_, posts0_.created_date as created_2_0_, posts0_.modified_date as modified3_0_, posts0_.author as author4_0_, posts0_.content as content5_0_, posts0_.title as title6_0_ from posts posts0_
>>>>>>>>>> createDate=2021-07-11T22:24:32.052,modifiedDate=2021-07-11T22:24:32.052
Hibernate: select posts0_.id as id1_0_, posts0_.created_date as created_2_0_, posts0_.modified_date as modified3_0_, posts0_.author as author4_0_, posts0_.content as content5_0_, posts0_.title as title6_0_ from posts posts0_
Hibernate: delete from posts where id=?
]]></system-out>
  <system-err><![CDATA[]]></system-err>
</testsuite>
